<?xml version="1.0" encoding="UTF-8"?>
<!-- Generated by org.testng.reporters.JUnitReportReporter -->
<testsuite skipped="0" hostname="DESKTOP-5RMBV1C" name="TestNGBasics.Invocationcount" tests="110" failures="0" timestamp="24 Feb 2018 20:29:08 GMT" time="0.236" errors="0">
  <testcase name="Justprintit" time="0.001" classname="TestNGBasics.Invocationcount"/>
  <testcase name="Justprintit" time="0.004" classname="TestNGBasics.Invocationcount"/>
  <testcase name="Justprintit" time="0.001" classname="TestNGBasics.Invocationcount"/>
  <testcase name="Justprintit" time="0.001" classname="TestNGBasics.Invocationcount"/>
  <testcase name="Justprintit" time="0.001" classname="TestNGBasics.Invocationcount"/>
  <testcase name="Justprintit" time="0.001" classname="TestNGBasics.Invocationcount"/>
  <testcase name="Justprintit" time="0.001" classname="TestNGBasics.Invocationcount"/>
  <testcase name="Justprintit" time="0.001" classname="TestNGBasics.Invocationcount"/>
  <testcase name="Justprintit" time="0.005" classname="TestNGBasics.Invocationcount"/>
  <testcase name="Justprintit" time="0.000" classname="TestNGBasics.Invocationcount"/>
  <testcase name="Justprintit" time="0.004" classname="TestNGBasics.Invocationcount"/>
  <testcase name="Justprintit" time="0.002" classname="TestNGBasics.Invocationcount"/>
  <testcase name="Justprintit" time="0.001" classname="TestNGBasics.Invocationcount"/>
  <testcase name="test1" time="0.001" classname="TestNGBasics.Invocationcount"/>
  <testcase name="Justprintit" time="0.002" classname="TestNGBasics.Invocationcount"/>
  <testcase name="Justprintit" time="0.001" classname="TestNGBasics.Invocationcount"/>
  <testcase name="Justprintit" time="0.002" classname="TestNGBasics.Invocationcount"/>
  <testcase name="Justprintit" time="0.004" classname="TestNGBasics.Invocationcount"/>
  <testcase name="Justprintit" time="0.002" classname="TestNGBasics.Invocationcount"/>
  <testcase name="Justprintit" time="0.001" classname="TestNGBasics.Invocationcount"/>
  <testcase name="Justprintit" time="0.001" classname="TestNGBasics.Invocationcount"/>
  <testcase name="Justprintit" time="0.001" classname="TestNGBasics.Invocationcount"/>
  <testcase name="Justprintit" time="0.001" classname="TestNGBasics.Invocationcount"/>
  <testcase name="Justprintit" time="0.006" classname="TestNGBasics.Invocationcount"/>
  <testcase name="Justprintit" time="0.002" classname="TestNGBasics.Invocationcount"/>
  <testcase name="test1" time="0.003" classname="TestNGBasics.Invocationcount"/>
  <testcase name="Justprintit" time="0.004" classname="TestNGBasics.Invocationcount"/>
  <testcase name="Justprintit" time="0.001" classname="TestNGBasics.Invocationcount"/>
  <testcase name="Justprintit" time="0.020" classname="TestNGBasics.Invocationcount"/>
  <testcase name="Justprintit" time="0.004" classname="TestNGBasics.Invocationcount"/>
  <testcase name="Justprintit" time="0.001" classname="TestNGBasics.Invocationcount"/>
  <testcase name="Justprintit" time="0.001" classname="TestNGBasics.Invocationcount"/>
  <testcase name="Justprintit" time="0.001" classname="TestNGBasics.Invocationcount"/>
  <testcase name="Justprintit" time="0.001" classname="TestNGBasics.Invocationcount"/>
  <testcase name="Justprintit" time="0.001" classname="TestNGBasics.Invocationcount"/>
  <testcase name="Justprintit" time="0.001" classname="TestNGBasics.Invocationcount"/>
  <testcase name="Justprintit" time="0.001" classname="TestNGBasics.Invocationcount"/>
  <testcase name="Justprintit" time="0.001" classname="TestNGBasics.Invocationcount"/>
  <testcase name="Justprintit" time="0.004" classname="TestNGBasics.Invocationcount"/>
  <testcase name="Justprintit" time="0.006" classname="TestNGBasics.Invocationcount"/>
  <testcase name="test1" time="0.001" classname="TestNGBasics.Invocationcount"/>
  <testcase name="Justprintit" time="0.001" classname="TestNGBasics.Invocationcount"/>
  <testcase name="Justprintit" time="0.001" classname="TestNGBasics.Invocationcount"/>
  <testcase name="Justprintit" time="0.001" classname="TestNGBasics.Invocationcount"/>
  <testcase name="Justprintit" time="0.001" classname="TestNGBasics.Invocationcount"/>
  <testcase name="Justprintit" time="0.001" classname="TestNGBasics.Invocationcount"/>
  <testcase name="Justprintit" time="0.004" classname="TestNGBasics.Invocationcount"/>
  <testcase name="Justprintit" time="0.001" classname="TestNGBasics.Invocationcount"/>
  <testcase name="Justprintit" time="0.004" classname="TestNGBasics.Invocationcount"/>
  <testcase name="Justprintit" time="0.001" classname="TestNGBasics.Invocationcount"/>
  <testcase name="Justprintit" time="0.003" classname="TestNGBasics.Invocationcount"/>
  <testcase name="Justprintit" time="0.002" classname="TestNGBasics.Invocationcount"/>
  <testcase name="Justprintit" time="0.001" classname="TestNGBasics.Invocationcount"/>
  <testcase name="Justprintit" time="0.001" classname="TestNGBasics.Invocationcount"/>
  <testcase name="Justprintit" time="0.000" classname="TestNGBasics.Invocationcount"/>
  <testcase name="Justprintit" time="0.002" classname="TestNGBasics.Invocationcount"/>
  <testcase name="Justprintit" time="0.000" classname="TestNGBasics.Invocationcount"/>
  <testcase name="Justprintit" time="0.000" classname="TestNGBasics.Invocationcount"/>
  <testcase name="Justprintit" time="0.001" classname="TestNGBasics.Invocationcount"/>
  <testcase name="Justprintit" time="0.002" classname="TestNGBasics.Invocationcount"/>
  <testcase name="Justprintit" time="0.001" classname="TestNGBasics.Invocationcount"/>
  <testcase name="Justprintit" time="0.001" classname="TestNGBasics.Invocationcount"/>
  <testcase name="Justprintit" time="0.010" classname="TestNGBasics.Invocationcount"/>
  <testcase name="Justprintit" time="0.001" classname="TestNGBasics.Invocationcount"/>
  <testcase name="Justprintit" time="0.001" classname="TestNGBasics.Invocationcount"/>
  <testcase name="test1" time="0.003" classname="TestNGBasics.Invocationcount"/>
  <testcase name="Justprintit" time="0.002" classname="TestNGBasics.Invocationcount"/>
  <testcase name="Justprintit" time="0.002" classname="TestNGBasics.Invocationcount"/>
  <testcase name="test1" time="0.002" classname="TestNGBasics.Invocationcount"/>
  <testcase name="Justprintit" time="0.001" classname="TestNGBasics.Invocationcount"/>
  <testcase name="Justprintit" time="0.004" classname="TestNGBasics.Invocationcount"/>
  <testcase name="Justprintit" time="0.003" classname="TestNGBasics.Invocationcount"/>
  <testcase name="test1" time="0.001" classname="TestNGBasics.Invocationcount"/>
  <testcase name="Justprintit" time="0.001" classname="TestNGBasics.Invocationcount"/>
  <testcase name="Justprintit" time="0.003" classname="TestNGBasics.Invocationcount"/>
  <testcase name="Justprintit" time="0.004" classname="TestNGBasics.Invocationcount"/>
  <testcase name="Justprintit" time="0.003" classname="TestNGBasics.Invocationcount"/>
  <testcase name="Justprintit" time="0.007" classname="TestNGBasics.Invocationcount"/>
  <testcase name="Justprintit" time="0.001" classname="TestNGBasics.Invocationcount"/>
  <testcase name="Justprintit" time="0.000" classname="TestNGBasics.Invocationcount"/>
  <testcase name="Justprintit" time="0.001" classname="TestNGBasics.Invocationcount"/>
  <testcase name="Justprintit" time="0.002" classname="TestNGBasics.Invocationcount"/>
  <testcase name="Justprintit" time="0.001" classname="TestNGBasics.Invocationcount"/>
  <testcase name="Justprintit" time="0.002" classname="TestNGBasics.Invocationcount"/>
  <testcase name="Justprintit" time="0.002" classname="TestNGBasics.Invocationcount"/>
  <testcase name="test1" time="0.000" classname="TestNGBasics.Invocationcount"/>
  <testcase name="Justprintit" time="0.004" classname="TestNGBasics.Invocationcount"/>
  <testcase name="Justprintit" time="0.002" classname="TestNGBasics.Invocationcount"/>
  <testcase name="Justprintit" time="0.002" classname="TestNGBasics.Invocationcount"/>
  <testcase name="test1" time="0.002" classname="TestNGBasics.Invocationcount"/>
  <testcase name="Justprintit" time="0.001" classname="TestNGBasics.Invocationcount"/>
  <testcase name="test1" time="0.001" classname="TestNGBasics.Invocationcount"/>
  <testcase name="Justprintit" time="0.000" classname="TestNGBasics.Invocationcount"/>
  <testcase name="Justprintit" time="0.001" classname="TestNGBasics.Invocationcount"/>
  <testcase name="test1" time="0.001" classname="TestNGBasics.Invocationcount"/>
  <testcase name="Justprintit" time="0.004" classname="TestNGBasics.Invocationcount"/>
  <testcase name="Justprintit" time="0.000" classname="TestNGBasics.Invocationcount"/>
  <testcase name="Justprintit" time="0.004" classname="TestNGBasics.Invocationcount"/>
  <testcase name="Justprintit" time="0.001" classname="TestNGBasics.Invocationcount"/>
  <testcase name="Justprintit" time="0.001" classname="TestNGBasics.Invocationcount"/>
  <testcase name="Justprintit" time="0.001" classname="TestNGBasics.Invocationcount"/>
  <testcase name="Justprintit" time="0.005" classname="TestNGBasics.Invocationcount"/>
  <testcase name="Justprintit" time="0.001" classname="TestNGBasics.Invocationcount"/>
  <testcase name="Justprintit" time="0.002" classname="TestNGBasics.Invocationcount"/>
  <testcase name="Justprintit" time="0.004" classname="TestNGBasics.Invocationcount"/>
  <testcase name="Justprintit" time="0.001" classname="TestNGBasics.Invocationcount"/>
  <testcase name="Justprintit" time="0.005" classname="TestNGBasics.Invocationcount"/>
  <testcase name="Justprintit" time="0.001" classname="TestNGBasics.Invocationcount"/>
  <testcase name="Justprintit" time="0.002" classname="TestNGBasics.Invocationcount"/>
  <testcase name="Justprintit" time="0.006" classname="TestNGBasics.Invocationcount"/>
</testsuite> <!-- TestNGBasics.Invocationcount -->
