<?xml version="1.0" encoding="UTF-8"?>
<!-- Generated by org.testng.reporters.JUnitReportReporter -->
<testsuite skipped="0" hostname="DESKTOP-5RMBV1C" name="TestNGBasics.Readingmailandpassword" tests="1" failures="0" timestamp="24 Feb 2018 21:58:40 GMT" time="11.310" errors="0">
  <testcase name="checkingreading" time="11.310" classname="TestNGBasics.Readingmailandpassword"/>
</testsuite> <!-- TestNGBasics.Readingmailandpassword -->
