<?xml version="1.0" encoding="UTF-8"?>
<!-- Generated by org.testng.reporters.JUnitReportReporter -->
<testsuite skipped="0" hostname="DESKTOP-5RMBV1C" name="TestNGBasics.GoogleTest" tests="4" failures="0" timestamp="24 Feb 2018 20:29:08 GMT" time="23.613" errors="0">
  <testcase name="GoogleTitle" time="5.306" classname="TestNGBasics.GoogleTest"/>
  <testcase name="Displayed" time="6.120" classname="TestNGBasics.GoogleTest"/>
  <testcase name="Test2" time="6.814" classname="TestNGBasics.GoogleTest"/>
  <testcase name="Test1" time="5.373" classname="TestNGBasics.GoogleTest"/>
</testsuite> <!-- TestNGBasics.GoogleTest -->
