<?xml version="1.0" encoding="UTF-8"?>
<!-- Generated by org.testng.reporters.JUnitReportReporter -->
<testsuite skipped="0" hostname="DESKTOP-5RMBV1C" name="TestNGBasics.DependsonMethod" tests="2" failures="0" timestamp="24 Feb 2018 20:29:08 GMT" time="0.003" errors="0">
  <testcase name="maintestcase" time="0.001" classname="TestNGBasics.DependsonMethod"/>
  <testcase name="Test1" time="0.002" classname="TestNGBasics.DependsonMethod"/>
</testsuite> <!-- TestNGBasics.DependsonMethod -->
