<?xml version="1.0" encoding="UTF-8"?>
<!-- Generated by org.testng.reporters.JUnitReportReporter -->
<testsuite skipped="0" hostname="DESKTOP-5RMBV1C" name="DataDriven.MyTestHalfeTest" tests="4" failures="0" timestamp="25 Feb 2018 20:41:54 GMT" time="42.140" errors="0">
  <testcase name="Actualwork" time="9.431" classname="DataDriven.MyTestHalfeTest"/>
  <testcase name="Actualwork" time="12.076" classname="DataDriven.MyTestHalfeTest"/>
  <testcase name="Actualwork" time="9.393" classname="DataDriven.MyTestHalfeTest"/>
  <testcase name="Actualwork" time="11.240" classname="DataDriven.MyTestHalfeTest"/>
</testsuite> <!-- DataDriven.MyTestHalfeTest -->
