<?xml version="1.0" encoding="UTF-8"?>
<!-- Generated by org.testng.reporters.JUnitReportReporter -->
<testsuite skipped="0" hostname="DESKTOP-5RMBV1C" name="TestNGBasics.Readingparameters" tests="1" failures="0" timestamp="24 Feb 2018 21:43:36 GMT" time="5.810" errors="0">
  <testcase name="parameter" time="5.810" classname="TestNGBasics.Readingparameters"/>
</testsuite> <!-- TestNGBasics.Readingparameters -->
