<?xml version="1.0" encoding="UTF-8"?>
<!-- Generated by org.testng.reporters.JUnitReportReporter -->
<testsuite skipped="0" hostname="DESKTOP-5RMBV1C" name="TestNGBasics.HandlingExceptions" tests="2" failures="0" timestamp="24 Feb 2018 20:29:08 GMT" time="0.001" errors="0">
  <testcase name="handingexception" time="0.001" classname="TestNGBasics.HandlingExceptions"/>
  <testcase name="test1" time="0.000" classname="TestNGBasics.HandlingExceptions"/>
</testsuite> <!-- TestNGBasics.HandlingExceptions -->
